<component name="libraryTable">
  <library name="junit-4.11">
    <CLASSES>
      <root url="jar://F:/mvnRepository/junit/junit/4.11/junit-4.11.jar!/" />
    </CLASSES>
    <JAVADOC />
    <SOURCES />
  </library>
</component>